<?xml version="1.0" encoding="UTF-8"?>
<testng-results ignored="0" total="1" passed="1" failed="0" skipped="0">
  <reporter-output>
  </reporter-output>
  <suite started-at="2023-01-19T16:15:55 IST" name="Default suite" finished-at="2023-01-19T16:16:21 IST" duration-ms="25814">
    <groups>
    </groups>
    <test started-at="2023-01-19T16:15:55 IST" name="Default test" finished-at="2023-01-19T16:16:21 IST" duration-ms="25814">
      <class name="alertboxdemo_pac.DragDrop2">
        <test-method is-config="true" signature="beforeClass()[pri:0, instance:alertboxdemo_pac.DragDrop2@5403f35f]" started-at="2023-01-19T16:15:55 IST" name="beforeClass" finished-at="2023-01-19T16:16:00 IST" duration-ms="5458" status="PASS">
          <reporter-output>
          </reporter-output>
        </test-method> <!-- beforeClass -->
        <test-method signature="alert()[pri:0, instance:alertboxdemo_pac.DragDrop2@5403f35f]" started-at="2023-01-19T16:16:00 IST" name="alert" finished-at="2023-01-19T16:16:21 IST" duration-ms="20211" status="PASS">
          <reporter-output>
          </reporter-output>
        </test-method> <!-- alert -->
        <test-method is-config="true" signature="afterClass()[pri:0, instance:alertboxdemo_pac.DragDrop2@5403f35f]" started-at="2023-01-19T16:16:21 IST" name="afterClass" finished-at="2023-01-19T16:16:21 IST" duration-ms="0" status="PASS">
          <reporter-output>
          </reporter-output>
        </test-method> <!-- afterClass -->
      </class> <!-- alertboxdemo_pac.DragDrop2 -->
    </test> <!-- Default test -->
  </suite> <!-- Default suite -->
</testng-results>
